<?xml version="1.0" encoding="UTF-8"?>
<testng-results ignored="0" total="1" passed="1" failed="0" skipped="0">
  <reporter-output>
  </reporter-output>
  <suite started-at="2022-12-05T21:05:50 IST" name="Default suite" finished-at="2022-12-05T21:05:50 IST" duration-ms="44">
    <groups>
    </groups>
    <test started-at="2022-12-05T21:05:50 IST" name="Default test" finished-at="2022-12-05T21:05:50 IST" duration-ms="44">
      <class name="programs.TC_02">
        <test-method signature="rajaRani()[pri:0, instance:programs.TC_02@13b13b5d]" started-at="2022-12-05T21:05:50 IST" name="rajaRani" finished-at="2022-12-05T21:05:50 IST" duration-ms="12" status="PASS">
          <reporter-output>
          </reporter-output>
        </test-method> <!-- rajaRani -->
      </class> <!-- programs.TC_02 -->
    </test> <!-- Default test -->
  </suite> <!-- Default suite -->
</testng-results>
